<?xml version="1.0" encoding="UTF-8"?><testrun name="g3-appointment-service" project="g3-appointment-service" tests="29" started="29" failures="0" errors="1" ignored="0">
  <testsuite name="com.capstone.application.AppointmentApplicationTests" time="0.721" displayname="AppointmentApplicationTests" uniqueid="[engine:junit-jupiter]/[class:com.capstone.application.AppointmentApplicationTests]">
    <testcase name="AcceptedAppointmentByEmailandDate" classname="com.capstone.application.AppointmentApplicationTests" time="0.375" displayname="AcceptedAppointmentByEmailandDate()" uniqueid="[engine:junit-jupiter]/[class:com.capstone.application.AppointmentApplicationTests]/[method:AcceptedAppointmentByEmailandDate()]"/>
    <testcase name="pendingAppointmentByEmail" classname="com.capstone.application.AppointmentApplicationTests" time="0.035" displayname="pendingAppointmentByEmail()" uniqueid="[engine:junit-jupiter]/[class:com.capstone.application.AppointmentApplicationTests]/[method:pendingAppointmentByEmail()]"/>
    <testcase name="previousAppointment" classname="com.capstone.application.AppointmentApplicationTests" time="0.026" displayname="previousAppointment()" uniqueid="[engine:junit-jupiter]/[class:com.capstone.application.AppointmentApplicationTests]/[method:previousAppointment()]"/>
    <testcase name="updatedPhysicianAvailabilitys1" classname="com.capstone.application.AppointmentApplicationTests" time="0.045" displayname="updatedPhysicianAvailabilitys1()" uniqueid="[engine:junit-jupiter]/[class:com.capstone.application.AppointmentApplicationTests]/[method:updatedPhysicianAvailabilitys1()]"/>
    <testcase name="updatedPhysicianAvailabilitys" classname="com.capstone.application.AppointmentApplicationTests" time="0.074" displayname="updatedPhysicianAvailabilitys()" uniqueid="[engine:junit-jupiter]/[class:com.capstone.application.AppointmentApplicationTests]/[method:updatedPhysicianAvailabilitys()]"/>
    <testcase name="allAppointmentsForPatientId" classname="com.capstone.application.AppointmentApplicationTests" time="0.017" displayname="allAppointmentsForPatientId()" uniqueid="[engine:junit-jupiter]/[class:com.capstone.application.AppointmentApplicationTests]/[method:allAppointmentsForPatientId()]"/>
    <testcase name="appointmentsByAppointmentId" classname="com.capstone.application.AppointmentApplicationTests" time="0.015" displayname="appointmentsByAppointmentId()" uniqueid="[engine:junit-jupiter]/[class:com.capstone.application.AppointmentApplicationTests]/[method:appointmentsByAppointmentId()]"/>
    <testcase name="appointmetForPatientId" classname="com.capstone.application.AppointmentApplicationTests" time="0.014" displayname="appointmetForPatientId()" uniqueid="[engine:junit-jupiter]/[class:com.capstone.application.AppointmentApplicationTests]/[method:appointmetForPatientId()]"/>
    <testcase name="AcceptedAppointmentByDate" classname="com.capstone.application.AppointmentApplicationTests" time="0.018" displayname="AcceptedAppointmentByDate()" uniqueid="[engine:junit-jupiter]/[class:com.capstone.application.AppointmentApplicationTests]/[method:AcceptedAppointmentByDate()]"/>
    <testcase name="updatePrescription" classname="com.capstone.application.AppointmentApplicationTests" time="0.02" displayname="updatePrescription()" uniqueid="[engine:junit-jupiter]/[class:com.capstone.application.AppointmentApplicationTests]/[method:updatePrescription()]"/>
    <testcase name="deletePrescriptionById" classname="com.capstone.application.AppointmentApplicationTests" time="0.013" displayname="deletePrescriptionById()" uniqueid="[engine:junit-jupiter]/[class:com.capstone.application.AppointmentApplicationTests]/[method:deletePrescriptionById()]"/>
    <testcase name="rejectAppointment" classname="com.capstone.application.AppointmentApplicationTests" time="0.019" displayname="rejectAppointment()" uniqueid="[engine:junit-jupiter]/[class:com.capstone.application.AppointmentApplicationTests]/[method:rejectAppointment()]"/>
    <testcase name="acceptedAppointmentForNurse" classname="com.capstone.application.AppointmentApplicationTests" time="0.016" displayname="acceptedAppointmentForNurse()" uniqueid="[engine:junit-jupiter]/[class:com.capstone.application.AppointmentApplicationTests]/[method:acceptedAppointmentForNurse()]"/>
    <testcase name="appointmentCount" classname="com.capstone.application.AppointmentApplicationTests" time="0.014" displayname="appointmentCount()" uniqueid="[engine:junit-jupiter]/[class:com.capstone.application.AppointmentApplicationTests]/[method:appointmentCount()]"/>
  </testsuite>
  <testsuite name="com.capstone.application.AppointmentServiceApplicationTest" time="0.167" displayname="AppointmentServiceApplicationTest" uniqueid="[engine:junit-jupiter]/[class:com.capstone.application.AppointmentServiceApplicationTest]">
    <testcase name="countAppointmentsTest" classname="com.capstone.application.AppointmentServiceApplicationTest" time="0.097" displayname="countAppointmentsTest()" uniqueid="[engine:junit-jupiter]/[class:com.capstone.application.AppointmentServiceApplicationTest]/[method:countAppointmentsTest()]"/>
    <testcase name="getAllAppointmentByDateByAccpetanceTest" classname="com.capstone.application.AppointmentServiceApplicationTest" time="0.003" displayname="getAllAppointmentByDateByAccpetanceTest()" uniqueid="[engine:junit-jupiter]/[class:com.capstone.application.AppointmentServiceApplicationTest]/[method:getAllAppointmentByDateByAccpetanceTest()]"/>
    <testcase name="deleteMovie" classname="com.capstone.application.AppointmentServiceApplicationTest" time="0.004" displayname="deleteMovie()" uniqueid="[engine:junit-jupiter]/[class:com.capstone.application.AppointmentServiceApplicationTest]/[method:deleteMovie()]"/>
    <testcase name="findByAppointmentByPEmailandDateTest" classname="com.capstone.application.AppointmentServiceApplicationTest" time="0.006" displayname="findByAppointmentByPEmailandDateTest()" uniqueid="[engine:junit-jupiter]/[class:com.capstone.application.AppointmentServiceApplicationTest]/[method:findByAppointmentByPEmailandDateTest()]"/>
    <testcase name="update" classname="com.capstone.application.AppointmentServiceApplicationTest" time="0.003" displayname="update()" uniqueid="[engine:junit-jupiter]/[class:com.capstone.application.AppointmentServiceApplicationTest]/[method:update()]"/>
    <testcase name="updateByID" classname="com.capstone.application.AppointmentServiceApplicationTest" time="0.026" displayname="updateByID()" uniqueid="[engine:junit-jupiter]/[class:com.capstone.application.AppointmentServiceApplicationTest]/[method:updateByID()]">
      <error>org.mockito.exceptions.misusing.NotAMockException: 
Argument passed to when() is not a mock!
Example of correct stubbing:
    doThrow(new RuntimeException()).when(mock).someMethod();&#13;
	at com.capstone.application.AppointmentServiceApplicationTest.updateByID(AppointmentServiceApplicationTest.java:199)&#13;
	at java.base/jdk.internal.reflect.NativeMethodAccessorImpl.invoke0(Native Method)&#13;
	at java.base/jdk.internal.reflect.NativeMethodAccessorImpl.invoke(NativeMethodAccessorImpl.java:77)&#13;
	at java.base/jdk.internal.reflect.DelegatingMethodAccessorImpl.invoke(DelegatingMethodAccessorImpl.java:43)&#13;
	at java.base/java.lang.reflect.Method.invoke(Method.java:568)&#13;
	at org.junit.platform.commons.util.ReflectionUtils.invokeMethod(ReflectionUtils.java:727)&#13;
	at org.junit.jupiter.engine.execution.MethodInvocation.proceed(MethodInvocation.java:60)&#13;
	at org.junit.jupiter.engine.execution.InvocationInterceptorChain$ValidatingInvocation.proceed(InvocationInterceptorChain.java:131)&#13;
	at org.junit.jupiter.engine.extension.TimeoutExtension.intercept(TimeoutExtension.java:156)&#13;
	at org.junit.jupiter.engine.extension.TimeoutExtension.interceptTestableMethod(TimeoutExtension.java:147)&#13;
	at org.junit.jupiter.engine.extension.TimeoutExtension.interceptTestMethod(TimeoutExtension.java:86)&#13;
	at org.junit.jupiter.engine.execution.InterceptingExecutableInvoker$ReflectiveInterceptorCall.lambda$ofVoidMethod$0(InterceptingExecutableInvoker.java:103)&#13;
	at org.junit.jupiter.engine.execution.InterceptingExecutableInvoker.lambda$invoke$0(InterceptingExecutableInvoker.java:93)&#13;
	at org.junit.jupiter.engine.execution.InvocationInterceptorChain$InterceptedInvocation.proceed(InvocationInterceptorChain.java:106)&#13;
	at org.junit.jupiter.engine.execution.InvocationInterceptorChain.proceed(InvocationInterceptorChain.java:64)&#13;
	at org.junit.jupiter.engine.execution.InvocationInterceptorChain.chainAndInvoke(InvocationInterceptorChain.java:45)&#13;
	at org.junit.jupiter.engine.execution.InvocationInterceptorChain.invoke(InvocationInterceptorChain.java:37)&#13;
	at org.junit.jupiter.engine.execution.InterceptingExecutableInvoker.invoke(InterceptingExecutableInvoker.java:92)&#13;
	at org.junit.jupiter.engine.execution.InterceptingExecutableInvoker.invoke(InterceptingExecutableInvoker.java:86)&#13;
	at org.junit.jupiter.engine.descriptor.TestMethodTestDescriptor.lambda$invokeTestMethod$7(TestMethodTestDescriptor.java:217)&#13;
	at org.junit.platform.engine.support.hierarchical.ThrowableCollector.execute(ThrowableCollector.java:73)&#13;
	at org.junit.jupiter.engine.descriptor.TestMethodTestDescriptor.invokeTestMethod(TestMethodTestDescriptor.java:213)&#13;
	at org.junit.jupiter.engine.descriptor.TestMethodTestDescriptor.execute(TestMethodTestDescriptor.java:138)&#13;
	at org.junit.jupiter.engine.descriptor.TestMethodTestDescriptor.execute(TestMethodTestDescriptor.java:68)&#13;
	at org.junit.platform.engine.support.hierarchical.NodeTestTask.lambda$executeRecursively$6(NodeTestTask.java:151)&#13;
	at org.junit.platform.engine.support.hierarchical.ThrowableCollector.execute(ThrowableCollector.java:73)&#13;
	at org.junit.platform.engine.support.hierarchical.NodeTestTask.lambda$executeRecursively$8(NodeTestTask.java:141)&#13;
	at org.junit.platform.engine.support.hierarchical.Node.around(Node.java:137)&#13;
	at org.junit.platform.engine.support.hierarchical.NodeTestTask.lambda$executeRecursively$9(NodeTestTask.java:139)&#13;
	at org.junit.platform.engine.support.hierarchical.ThrowableCollector.execute(ThrowableCollector.java:73)&#13;
	at org.junit.platform.engine.support.hierarchical.NodeTestTask.executeRecursively(NodeTestTask.java:138)&#13;
	at org.junit.platform.engine.support.hierarchical.NodeTestTask.execute(NodeTestTask.java:95)&#13;
	at java.base/java.util.ArrayList.forEach(ArrayList.java:1511)&#13;
	at org.junit.platform.engine.support.hierarchical.SameThreadHierarchicalTestExecutorService.invokeAll(SameThreadHierarchicalTestExecutorService.java:41)&#13;
	at org.junit.platform.engine.support.hierarchical.NodeTestTask.lambda$executeRecursively$6(NodeTestTask.java:155)&#13;
	at org.junit.platform.engine.support.hierarchical.ThrowableCollector.execute(ThrowableCollector.java:73)&#13;
	at org.junit.platform.engine.support.hierarchical.NodeTestTask.lambda$executeRecursively$8(NodeTestTask.java:141)&#13;
	at org.junit.platform.engine.support.hierarchical.Node.around(Node.java:137)&#13;
	at org.junit.platform.engine.support.hierarchical.NodeTestTask.lambda$executeRecursively$9(NodeTestTask.java:139)&#13;
	at org.junit.platform.engine.support.hierarchical.ThrowableCollector.execute(ThrowableCollector.java:73)&#13;
	at org.junit.platform.engine.support.hierarchical.NodeTestTask.executeRecursively(NodeTestTask.java:138)&#13;
	at org.junit.platform.engine.support.hierarchical.NodeTestTask.execute(NodeTestTask.java:95)&#13;
	at java.base/java.util.ArrayList.forEach(ArrayList.java:1511)&#13;
	at org.junit.platform.engine.support.hierarchical.SameThreadHierarchicalTestExecutorService.invokeAll(SameThreadHierarchicalTestExecutorService.java:41)&#13;
	at org.junit.platform.engine.support.hierarchical.NodeTestTask.lambda$executeRecursively$6(NodeTestTask.java:155)&#13;
	at org.junit.platform.engine.support.hierarchical.ThrowableCollector.execute(ThrowableCollector.java:73)&#13;
	at org.junit.platform.engine.support.hierarchical.NodeTestTask.lambda$executeRecursively$8(NodeTestTask.java:141)&#13;
	at org.junit.platform.engine.support.hierarchical.Node.around(Node.java:137)&#13;
	at org.junit.platform.engine.support.hierarchical.NodeTestTask.lambda$executeRecursively$9(NodeTestTask.java:139)&#13;
	at org.junit.platform.engine.support.hierarchical.ThrowableCollector.execute(ThrowableCollector.java:73)&#13;
	at org.junit.platform.engine.support.hierarchical.NodeTestTask.executeRecursively(NodeTestTask.java:138)&#13;
	at org.junit.platform.engine.support.hierarchical.NodeTestTask.execute(NodeTestTask.java:95)&#13;
	at org.junit.platform.engine.support.hierarchical.SameThreadHierarchicalTestExecutorService.submit(SameThreadHierarchicalTestExecutorService.java:35)&#13;
	at org.junit.platform.engine.support.hierarchical.HierarchicalTestExecutor.execute(HierarchicalTestExecutor.java:57)&#13;
	at org.junit.platform.engine.support.hierarchical.HierarchicalTestEngine.execute(HierarchicalTestEngine.java:54)&#13;
	at org.junit.platform.launcher.core.EngineExecutionOrchestrator.execute(EngineExecutionOrchestrator.java:147)&#13;
	at org.junit.platform.launcher.core.EngineExecutionOrchestrator.execute(EngineExecutionOrchestrator.java:127)&#13;
	at org.junit.platform.launcher.core.EngineExecutionOrchestrator.execute(EngineExecutionOrchestrator.java:90)&#13;
	at org.junit.platform.launcher.core.EngineExecutionOrchestrator.lambda$execute$0(EngineExecutionOrchestrator.java:55)&#13;
	at org.junit.platform.launcher.core.EngineExecutionOrchestrator.withInterceptedStreams(EngineExecutionOrchestrator.java:102)&#13;
	at org.junit.platform.launcher.core.EngineExecutionOrchestrator.execute(EngineExecutionOrchestrator.java:54)&#13;
	at org.junit.platform.launcher.core.DefaultLauncher.execute(DefaultLauncher.java:114)&#13;
	at org.junit.platform.launcher.core.DefaultLauncher.execute(DefaultLauncher.java:95)&#13;
	at org.junit.platform.launcher.core.DefaultLauncherSession$DelegatingLauncher.execute(DefaultLauncherSession.java:91)&#13;
	at org.junit.platform.launcher.core.SessionPerRequestLauncher.execute(SessionPerRequestLauncher.java:60)&#13;
	at org.eclipse.jdt.internal.junit5.runner.JUnit5TestReference.run(JUnit5TestReference.java:98)&#13;
	at org.eclipse.jdt.internal.junit.runner.TestExecution.run(TestExecution.java:40)&#13;
	at org.eclipse.jdt.internal.junit.runner.RemoteTestRunner.runTests(RemoteTestRunner.java:529)&#13;
	at org.eclipse.jdt.internal.junit.runner.RemoteTestRunner.runTests(RemoteTestRunner.java:756)&#13;
	at org.eclipse.jdt.internal.junit.runner.RemoteTestRunner.run(RemoteTestRunner.java:452)&#13;
	at org.eclipse.jdt.internal.junit.runner.RemoteTestRunner.main(RemoteTestRunner.java:210)&#13;
&#13;
</error>
    </testcase>
    <testcase name="findByAppointmentByIdTest" classname="com.capstone.application.AppointmentServiceApplicationTest" time="0.001" displayname="findByAppointmentByIdTest()" uniqueid="[engine:junit-jupiter]/[class:com.capstone.application.AppointmentServiceApplicationTest]/[method:findByAppointmentByIdTest()]"/>
    <testcase name="getAllAppointmentByPateintIdTest" classname="com.capstone.application.AppointmentServiceApplicationTest" time="0.001" displayname="getAllAppointmentByPateintIdTest()" uniqueid="[engine:junit-jupiter]/[class:com.capstone.application.AppointmentServiceApplicationTest]/[method:getAllAppointmentByPateintIdTest()]"/>
    <testcase name="findPreviousAppointmentforNurseDoctor" classname="com.capstone.application.AppointmentServiceApplicationTest" time="0.003" displayname="findPreviousAppointmentforNurseDoctor()" uniqueid="[engine:junit-jupiter]/[class:com.capstone.application.AppointmentServiceApplicationTest]/[method:findPreviousAppointmentforNurseDoctor()]"/>
    <testcase name="findByAppointmentByPEmailTest" classname="com.capstone.application.AppointmentServiceApplicationTest" time="0.001" displayname="findByAppointmentByPEmailTest()" uniqueid="[engine:junit-jupiter]/[class:com.capstone.application.AppointmentServiceApplicationTest]/[method:findByAppointmentByPEmailTest()]"/>
    <testcase name="insertAppointmentTest" classname="com.capstone.application.AppointmentServiceApplicationTest" time="0.003" displayname="insertAppointmentTest()" uniqueid="[engine:junit-jupiter]/[class:com.capstone.application.AppointmentServiceApplicationTest]/[method:insertAppointmentTest()]"/>
    <testcase name="findByAcceptedAppointmentTest" classname="com.capstone.application.AppointmentServiceApplicationTest" time="0.004" displayname="findByAcceptedAppointmentTest()" uniqueid="[engine:junit-jupiter]/[class:com.capstone.application.AppointmentServiceApplicationTest]/[method:findByAcceptedAppointmentTest()]"/>
    <testcase name="findAppointmentsByAppointmentIdTest" classname="com.capstone.application.AppointmentServiceApplicationTest" time="0.001" displayname="findAppointmentsByAppointmentIdTest()" uniqueid="[engine:junit-jupiter]/[class:com.capstone.application.AppointmentServiceApplicationTest]/[method:findAppointmentsByAppointmentIdTest()]"/>
    <testcase name="findPreviousAppointmentByPatientIdTest" classname="com.capstone.application.AppointmentServiceApplicationTest" time="0.003" displayname="findPreviousAppointmentByPatientIdTest()" uniqueid="[engine:junit-jupiter]/[class:com.capstone.application.AppointmentServiceApplicationTest]/[method:findPreviousAppointmentByPatientIdTest()]"/>
    <testcase name="findAppointmentByDateTest" classname="com.capstone.application.AppointmentServiceApplicationTest" time="0.001" displayname="findAppointmentByDateTest()" uniqueid="[engine:junit-jupiter]/[class:com.capstone.application.AppointmentServiceApplicationTest]/[method:findAppointmentByDateTest()]"/>
  </testsuite>
</testrun>
